<?xml version="1.0" encoding="UTF-8"?>
<!-- Generated by org.testng.reporters.JUnitReportReporter -->
<testsuite hostname="CRAZY-MADMAX" failures="0" tests="4" name="com.mindtree.Runner.Runner" time="103.728" errors="0" timestamp="2023-02-15T18:13:36 IST" skipped="0">
  <testcase classname="com.mindtree.Runner.Runner" name="RegisterUSer" time="43.564"/>
  <system-out/>
  <testcase classname="com.mindtree.Runner.Runner" name="SearchFlight" time="35.134"/>
  <system-out/>
  <testcase classname="com.mindtree.Runner.Runner" name="Login" time="14.323"/>
  <system-out/>
  <testcase classname="com.mindtree.Runner.Runner" name="Negativedetails" time="10.707"/>
  <system-out/>
</testsuite> <!-- com.mindtree.Runner.Runner -->
