<?xml version="1.0" encoding="UTF-8"?>
<!-- Generated by org.testng.reporters.JUnitReportReporter -->
<testsuite hostname="CRAZY-MADMAX" failures="0" tests="4" name="com.mindtree.Runner.Runner" time="81.782" errors="0" timestamp="2023-02-15T22:30:33 IST" skipped="0">
  <testcase classname="com.mindtree.Runner.Runner" name="RegisterUSer" time="26.340"/>
  <system-out/>
  <testcase classname="com.mindtree.Runner.Runner" name="SearchFlight" time="27.607"/>
  <system-out/>
  <testcase classname="com.mindtree.Runner.Runner" name="Login" time="15.717"/>
  <system-out/>
  <testcase classname="com.mindtree.Runner.Runner" name="Negativedetails" time="12.118"/>
  <system-out/>
</testsuite> <!-- com.mindtree.Runner.Runner -->
